2019-12-22 18:59:14.207  INFO  com.dd.DdApplication Starting DdApplication on LDJS-20191231SQ with PID 50620 (C:\Users\Administrator\Desktop\show\Caterpillar\tetris\tetris-spring-cloud\tetris-show\target\classes started by Administrator in C:\Users\Administrator\Desktop\show\Caterpillar\tetris\tetris-spring-cloud\tetris-spring-zuul)
2019-12-22 18:59:14.210  INFO  com.dd.DdApplication No active profile set, falling back to default profiles: default
2019-12-22 18:59:15.372  INFO  org.springframework.boot.web.embedded.tomcat.TomcatWebServer Tomcat initialized with port(s): 8080 (http)
2019-12-22 18:59:15.386  INFO  org.apache.coyote.http11.Http11NioProtocol Initializing ProtocolHandler ["http-nio-8080"]
2019-12-22 18:59:15.394  INFO  org.apache.catalina.core.StandardService Starting service [Tomcat]
2019-12-22 18:59:15.394  INFO  org.apache.catalina.core.StandardEngine Starting Servlet engine: [Apache Tomcat/9.0.24]
2019-12-22 18:59:15.531  INFO  org.apache.catalina.core.ContainerBase.[Tomcat].[localhost].[/] Initializing Spring embedded WebApplicationContext
2019-12-22 18:59:15.531  INFO  org.springframework.web.context.ContextLoader Root WebApplicationContext: initialization completed in 1259 ms
2019-12-22 18:59:15.730  INFO  org.springframework.scheduling.concurrent.ThreadPoolTaskExecutor Initializing ExecutorService 'applicationTaskExecutor'
2019-12-22 18:59:15.886  INFO  org.apache.coyote.http11.Http11NioProtocol Starting ProtocolHandler ["http-nio-8080"]
2019-12-22 18:59:15.930  INFO  org.springframework.boot.web.embedded.tomcat.TomcatWebServer Tomcat started on port(s): 8080 (http) with context path ''
2019-12-22 18:59:15.941  INFO  com.dd.DdApplication Started DdApplication in 2.156 seconds (JVM running for 3.048)
2019-12-22 18:59:15.942  INFO  com.dd.DdApplication 启动成功......
2019-12-22 18:59:49.556  INFO  org.springframework.scheduling.concurrent.ThreadPoolTaskExecutor Shutting down ExecutorService 'applicationTaskExecutor'
2019-12-22 18:59:52.415  INFO  com.dd.DdApplication Starting DdApplication on LDJS-20191231SQ with PID 49808 (C:\Users\Administrator\Desktop\show\Caterpillar\tetris\tetris-spring-cloud\tetris-show\target\classes started by Administrator in C:\Users\Administrator\Desktop\show\Caterpillar\tetris\tetris-spring-cloud\tetris-spring-zuul)
2019-12-22 18:59:52.418  INFO  com.dd.DdApplication No active profile set, falling back to default profiles: default
2019-12-22 18:59:53.363  INFO  org.springframework.boot.web.embedded.tomcat.TomcatWebServer Tomcat initialized with port(s): 8080 (http)
2019-12-22 18:59:53.374  INFO  org.apache.coyote.http11.Http11NioProtocol Initializing ProtocolHandler ["http-nio-8080"]
2019-12-22 18:59:53.382  INFO  org.apache.catalina.core.StandardService Starting service [Tomcat]
2019-12-22 18:59:53.382  INFO  org.apache.catalina.core.StandardEngine Starting Servlet engine: [Apache Tomcat/9.0.24]
2019-12-22 18:59:53.514  INFO  org.apache.catalina.core.ContainerBase.[Tomcat].[localhost].[/] Initializing Spring embedded WebApplicationContext
2019-12-22 18:59:53.514  INFO  org.springframework.web.context.ContextLoader Root WebApplicationContext: initialization completed in 1044 ms
2019-12-22 18:59:53.694  INFO  org.springframework.scheduling.concurrent.ThreadPoolTaskExecutor Initializing ExecutorService 'applicationTaskExecutor'
2019-12-22 18:59:53.845  INFO  org.apache.coyote.http11.Http11NioProtocol Starting ProtocolHandler ["http-nio-8080"]
2019-12-22 18:59:53.892  INFO  org.springframework.boot.web.embedded.tomcat.TomcatWebServer Tomcat started on port(s): 8080 (http) with context path ''
2019-12-22 18:59:53.895  INFO  com.dd.DdApplication Started DdApplication in 1.769 seconds (JVM running for 2.489)
2019-12-22 18:59:53.896  INFO  com.dd.DdApplication 启动成功......
2019-12-22 19:00:06.453  INFO  org.apache.catalina.core.ContainerBase.[Tomcat].[localhost].[/] Initializing Spring DispatcherServlet 'dispatcherServlet'
2019-12-22 19:00:06.453  INFO  org.springframework.web.servlet.DispatcherServlet Initializing Servlet 'dispatcherServlet'
2019-12-22 19:00:06.463  INFO  org.springframework.web.servlet.DispatcherServlet Completed initialization in 10 ms
2019-12-22 19:00:07.132  INFO  com.dd.util.SortUtil 签名字符串 :cerFile=null&cerVer=01&encryptData=+HCLfH/cREmBnWtjJWLAkFXzWhfptDovgSjGLXFHd/i+tF5Bco5SN2mjk+hX0aTvy9sbwf2W84b2Y5YyqLfIzoKFFwlbFOQf+Ck5s085xeE/kfvsMtOTwJSKZD+9mOkB3jVBpQKHt0iuypsy2MzVg6SdA7dntpLi+HzVsa4WjHMQ7MjVJS49ALyHXa0+GjfEFM5P4cnDDSc=&idCardPicN=null&idCardPicP=null&queryId=0001120020191222190007801041&riskInfo=null&secInsCode=null&sendInsCode=00011200&txnType=SA002&version=2.0&
2019-12-22 19:00:07.136  INFO  com.dd.controller.UnionPayController 938B1A2B2916F0FE0A6BCF8C0480D18A08BC00F847D78ABB95D1DC48BF1AB704
2019-12-22 19:00:08.064  ERROR com.dd.util.HttpUtil 调用接口[https://sass.test.95516.com:443/sass/trade]失败！请求URL：https://sass.test.95516.com:443/sass/trade，参数：{sendInsCode=00011200, signature=V0lZOU5pZS9jaUNibERDazNGbGtzTi9LNks5NkRGWEkzMUZBTFFxMUd1Y2NXMVV5UnovT2RwVUVTTTJmTDNjNEJXaU1IY2M5MXB4ZVNKUVVNWXpmQ0NBaC9BMVkzN2JqeExSRDFxemhzeTZyQkh5YmhSUjU0VzFPalJ2WXNvZXlNUWhJOG9MZU1yZnlaa012eG8xcC9Ec09pYVBtSFcvdUhKZU9aai9BSk5rPQ==, encryptData=938B1A2B2916F0FE0A6BCF8C0480D18A08BC00F847D78ABB95D1DC48BF1AB704, cerVer=01, txnType=SA002, version=2.0, queryId=0001120020191222190007801041}
java.net.SocketTimeoutException: Read timed out
	at java.net.SocketInputStream.socketRead0(Native Method)
	at java.net.SocketInputStream.socketRead(SocketInputStream.java:116)
	at java.net.SocketInputStream.read(SocketInputStream.java:171)
	at java.net.SocketInputStream.read(SocketInputStream.java:141)
	at sun.security.ssl.InputRecord.readFully(InputRecord.java:465)
	at sun.security.ssl.InputRecord.read(InputRecord.java:503)
	at sun.security.ssl.SSLSocketImpl.readRecord(SSLSocketImpl.java:975)
	at sun.security.ssl.SSLSocketImpl.readDataRecord(SSLSocketImpl.java:933)
	at sun.security.ssl.AppInputStream.read(AppInputStream.java:105)
	at java.io.BufferedInputStream.fill(BufferedInputStream.java:246)
	at java.io.BufferedInputStream.read1(BufferedInputStream.java:286)
	at java.io.BufferedInputStream.read(BufferedInputStream.java:345)
	at sun.net.www.http.HttpClient.parseHTTPHeader(HttpClient.java:735)
	at sun.net.www.http.HttpClient.parseHTTP(HttpClient.java:678)
	at sun.net.www.protocol.http.HttpURLConnection.getInputStream0(HttpURLConnection.java:1587)
	at sun.net.www.protocol.http.HttpURLConnection.getInputStream(HttpURLConnection.java:1492)
	at sun.net.www.protocol.https.HttpsURLConnectionImpl.getInputStream(HttpsURLConnectionImpl.java:263)
	at com.dd.util.HttpUtil.invokeUrl(HttpUtil.java:88)
	at com.dd.util.HttpUtil.post(HttpUtil.java:143)
	at com.dd.controller.UnionPayController.bindCard(UnionPayController.java:113)
	at sun.reflect.NativeMethodAccessorImpl.invoke0(Native Method)
	at sun.reflect.NativeMethodAccessorImpl.invoke(NativeMethodAccessorImpl.java:62)
	at sun.reflect.DelegatingMethodAccessorImpl.invoke(DelegatingMethodAccessorImpl.java:43)
	at java.lang.reflect.Method.invoke(Method.java:498)
	at org.springframework.web.method.support.InvocableHandlerMethod.doInvoke(InvocableHandlerMethod.java:190)
	at org.springframework.web.method.support.InvocableHandlerMethod.invokeForRequest(InvocableHandlerMethod.java:138)
	at org.springframework.web.servlet.mvc.method.annotation.ServletInvocableHandlerMethod.invokeAndHandle(ServletInvocableHandlerMethod.java:104)
	at org.springframework.web.servlet.mvc.method.annotation.RequestMappingHandlerAdapter.invokeHandlerMethod(RequestMappingHandlerAdapter.java:892)
	at org.springframework.web.servlet.mvc.method.annotation.RequestMappingHandlerAdapter.handleInternal(RequestMappingHandlerAdapter.java:797)
	at org.springframework.web.servlet.mvc.method.AbstractHandlerMethodAdapter.handle(AbstractHandlerMethodAdapter.java:87)
	at org.springframework.web.servlet.DispatcherServlet.doDispatch(DispatcherServlet.java:1039)
	at org.springframework.web.servlet.DispatcherServlet.doService(DispatcherServlet.java:942)
	at org.springframework.web.servlet.FrameworkServlet.processRequest(FrameworkServlet.java:1005)
	at org.springframework.web.servlet.FrameworkServlet.doPost(FrameworkServlet.java:908)
	at javax.servlet.http.HttpServlet.service(HttpServlet.java:660)
	at org.springframework.web.servlet.FrameworkServlet.service(FrameworkServlet.java:882)
	at javax.servlet.http.HttpServlet.service(HttpServlet.java:741)
	at org.apache.catalina.core.ApplicationFilterChain.internalDoFilter(ApplicationFilterChain.java:231)
	at org.apache.catalina.core.ApplicationFilterChain.doFilter(ApplicationFilterChain.java:166)
	at org.apache.tomcat.websocket.server.WsFilter.doFilter(WsFilter.java:53)
	at org.apache.catalina.core.ApplicationFilterChain.internalDoFilter(ApplicationFilterChain.java:193)
	at org.apache.catalina.core.ApplicationFilterChain.doFilter(ApplicationFilterChain.java:166)
	at org.springframework.web.filter.RequestContextFilter.doFilterInternal(RequestContextFilter.java:99)
	at org.springframework.web.filter.OncePerRequestFilter.doFilter(OncePerRequestFilter.java:118)
	at org.apache.catalina.core.ApplicationFilterChain.internalDoFilter(ApplicationFilterChain.java:193)
	at org.apache.catalina.core.ApplicationFilterChain.doFilter(ApplicationFilterChain.java:166)
	at org.springframework.web.filter.FormContentFilter.doFilterInternal(FormContentFilter.java:92)
	at org.springframework.web.filter.OncePerRequestFilter.doFilter(OncePerRequestFilter.java:118)
	at org.apache.catalina.core.ApplicationFilterChain.internalDoFilter(ApplicationFilterChain.java:193)
	at org.apache.catalina.core.ApplicationFilterChain.doFilter(ApplicationFilterChain.java:166)
	at org.springframework.web.filter.HiddenHttpMethodFilter.doFilterInternal(HiddenHttpMethodFilter.java:93)
	at org.springframework.web.filter.OncePerRequestFilter.doFilter(OncePerRequestFilter.java:118)
	at org.apache.catalina.core.ApplicationFilterChain.internalDoFilter(ApplicationFilterChain.java:193)
	at org.apache.catalina.core.ApplicationFilterChain.doFilter(ApplicationFilterChain.java:166)
	at org.springframework.web.filter.CharacterEncodingFilter.doFilterInternal(CharacterEncodingFilter.java:200)
	at org.springframework.web.filter.OncePerRequestFilter.doFilter(OncePerRequestFilter.java:118)
	at org.apache.catalina.core.ApplicationFilterChain.internalDoFilter(ApplicationFilterChain.java:193)
	at org.apache.catalina.core.ApplicationFilterChain.doFilter(ApplicationFilterChain.java:166)
	at org.apache.catalina.core.StandardWrapperValve.invoke(StandardWrapperValve.java:202)
	at org.apache.catalina.core.StandardContextValve.invoke(StandardContextValve.java:96)
	at org.apache.catalina.authenticator.AuthenticatorBase.invoke(AuthenticatorBase.java:526)
	at org.apache.catalina.core.StandardHostValve.invoke(StandardHostValve.java:139)
	at org.apache.catalina.valves.ErrorReportValve.invoke(ErrorReportValve.java:92)
	at org.apache.catalina.core.StandardEngineValve.invoke(StandardEngineValve.java:74)
	at org.apache.catalina.connector.CoyoteAdapter.service(CoyoteAdapter.java:343)
	at org.apache.coyote.http11.Http11Processor.service(Http11Processor.java:408)
	at org.apache.coyote.AbstractProcessorLight.process(AbstractProcessorLight.java:66)
	at org.apache.coyote.AbstractProtocol$ConnectionHandler.process(AbstractProtocol.java:860)
	at org.apache.tomcat.util.net.NioEndpoint$SocketProcessor.doRun(NioEndpoint.java:1587)
	at org.apache.tomcat.util.net.SocketProcessorBase.run(SocketProcessorBase.java:49)
	at java.util.concurrent.ThreadPoolExecutor.runWorker(ThreadPoolExecutor.java:1149)
	at java.util.concurrent.ThreadPoolExecutor$Worker.run(ThreadPoolExecutor.java:624)
	at org.apache.tomcat.util.threads.TaskThread$WrappingRunnable.run(TaskThread.java:61)
	at java.lang.Thread.run(Thread.java:748)
2019-12-22 19:00:45.986  INFO  com.dd.util.SortUtil 签名字符串 :cerFile=null&cerVer=01&encryptData=+HCLfH/cREmBnWtjJWLAkFXzWhfptDovgSjGLXFHd/i+tF5Bco5SN2mjk+hX0aTvy9sbwf2W84b2Y5YyqLfIzoKFFwlbFOQf+Ck5s085xeE/kfvsMtOTwJSKZD+9mOkB3jVBpQKHt0iuypsy2MzVg6SdA7dntpLi+HzVsa4WjHMQ7MjVJS49ALyHXa0+GjfEFM5P4cnDDSc=&idCardPicN=null&idCardPicP=null&queryId=0001120020191222190045709577&riskInfo=null&secInsCode=null&sendInsCode=00011200&txnType=SA002&version=2.0&
2019-12-22 19:00:45.986  INFO  com.dd.controller.UnionPayController 1A8BCB3A8C42DE96E86E747DB4FDAAF88964515553F74E9D0550ABAB1DEFD614
2019-12-22 19:00:46.369  ERROR com.dd.util.HttpUtil 调用接口[https://sass.test.95516.com:443/sass/trade]失败！请求URL：https://sass.test.95516.com:443/sass/trade，参数：{sendInsCode=00011200, signature=U3ZXMHR1M0tHSXF0bjMwMUpVbkVHVWdNdkNVOWYrUkNmQW15Yy9jdVZHa0U5ZUFoY3RBRkZORlA2T3BLYnIvZmRXWXRrTnZvTVZrR2dkVkpnNlpBNU5iYnR4MXlEZGNHcFVWb1RlTC9raVhPUUVUR0dDU2RLdjFjbjJLUnVtYXBLa3FtZmI5bnpUdGVja3pQYzJpL3F5T0Y2TjNFSjhKUHNhZEhCUjVuRnM0PQ==, encryptData=1A8BCB3A8C42DE96E86E747DB4FDAAF88964515553F74E9D0550ABAB1DEFD614, cerVer=01, txnType=SA002, version=2.0, queryId=0001120020191222190045709577}
java.io.IOException: Server returned HTTP response code: 415 for URL: https://sass.test.95516.com:443/sass/trade
	at sun.net.www.protocol.http.HttpURLConnection.getInputStream0(HttpURLConnection.java:1894)
	at sun.net.www.protocol.http.HttpURLConnection.getInputStream(HttpURLConnection.java:1492)
	at sun.net.www.protocol.https.HttpsURLConnectionImpl.getInputStream(HttpsURLConnectionImpl.java:263)
	at com.dd.util.HttpUtil.invokeUrl(HttpUtil.java:88)
	at com.dd.util.HttpUtil.post(HttpUtil.java:143)
	at com.dd.controller.UnionPayController.bindCard(UnionPayController.java:113)
	at sun.reflect.NativeMethodAccessorImpl.invoke0(Native Method)
	at sun.reflect.NativeMethodAccessorImpl.invoke(NativeMethodAccessorImpl.java:62)
	at sun.reflect.DelegatingMethodAccessorImpl.invoke(DelegatingMethodAccessorImpl.java:43)
	at java.lang.reflect.Method.invoke(Method.java:498)
	at org.springframework.web.method.support.InvocableHandlerMethod.doInvoke(InvocableHandlerMethod.java:190)
	at org.springframework.web.method.support.InvocableHandlerMethod.invokeForRequest(InvocableHandlerMethod.java:138)
	at org.springframework.web.servlet.mvc.method.annotation.ServletInvocableHandlerMethod.invokeAndHandle(ServletInvocableHandlerMethod.java:104)
	at org.springframework.web.servlet.mvc.method.annotation.RequestMappingHandlerAdapter.invokeHandlerMethod(RequestMappingHandlerAdapter.java:892)
	at org.springframework.web.servlet.mvc.method.annotation.RequestMappingHandlerAdapter.handleInternal(RequestMappingHandlerAdapter.java:797)
	at org.springframework.web.servlet.mvc.method.AbstractHandlerMethodAdapter.handle(AbstractHandlerMethodAdapter.java:87)
	at org.springframework.web.servlet.DispatcherServlet.doDispatch(DispatcherServlet.java:1039)
	at org.springframework.web.servlet.DispatcherServlet.doService(DispatcherServlet.java:942)
	at org.springframework.web.servlet.FrameworkServlet.processRequest(FrameworkServlet.java:1005)
	at org.springframework.web.servlet.FrameworkServlet.doPost(FrameworkServlet.java:908)
	at javax.servlet.http.HttpServlet.service(HttpServlet.java:660)
	at org.springframework.web.servlet.FrameworkServlet.service(FrameworkServlet.java:882)
	at javax.servlet.http.HttpServlet.service(HttpServlet.java:741)
	at org.apache.catalina.core.ApplicationFilterChain.internalDoFilter(ApplicationFilterChain.java:231)
	at org.apache.catalina.core.ApplicationFilterChain.doFilter(ApplicationFilterChain.java:166)
	at org.apache.tomcat.websocket.server.WsFilter.doFilter(WsFilter.java:53)
	at org.apache.catalina.core.ApplicationFilterChain.internalDoFilter(ApplicationFilterChain.java:193)
	at org.apache.catalina.core.ApplicationFilterChain.doFilter(ApplicationFilterChain.java:166)
	at org.springframework.web.filter.RequestContextFilter.doFilterInternal(RequestContextFilter.java:99)
	at org.springframework.web.filter.OncePerRequestFilter.doFilter(OncePerRequestFilter.java:118)
	at org.apache.catalina.core.ApplicationFilterChain.internalDoFilter(ApplicationFilterChain.java:193)
	at org.apache.catalina.core.ApplicationFilterChain.doFilter(ApplicationFilterChain.java:166)
	at org.springframework.web.filter.FormContentFilter.doFilterInternal(FormContentFilter.java:92)
	at org.springframework.web.filter.OncePerRequestFilter.doFilter(OncePerRequestFilter.java:118)
	at org.apache.catalina.core.ApplicationFilterChain.internalDoFilter(ApplicationFilterChain.java:193)
	at org.apache.catalina.core.ApplicationFilterChain.doFilter(ApplicationFilterChain.java:166)
	at org.springframework.web.filter.HiddenHttpMethodFilter.doFilterInternal(HiddenHttpMethodFilter.java:93)
	at org.springframework.web.filter.OncePerRequestFilter.doFilter(OncePerRequestFilter.java:118)
	at org.apache.catalina.core.ApplicationFilterChain.internalDoFilter(ApplicationFilterChain.java:193)
	at org.apache.catalina.core.ApplicationFilterChain.doFilter(ApplicationFilterChain.java:166)
	at org.springframework.web.filter.CharacterEncodingFilter.doFilterInternal(CharacterEncodingFilter.java:200)
	at org.springframework.web.filter.OncePerRequestFilter.doFilter(OncePerRequestFilter.java:118)
	at org.apache.catalina.core.ApplicationFilterChain.internalDoFilter(ApplicationFilterChain.java:193)
	at org.apache.catalina.core.ApplicationFilterChain.doFilter(ApplicationFilterChain.java:166)
	at org.apache.catalina.core.StandardWrapperValve.invoke(StandardWrapperValve.java:202)
	at org.apache.catalina.core.StandardContextValve.invoke(StandardContextValve.java:96)
	at org.apache.catalina.authenticator.AuthenticatorBase.invoke(AuthenticatorBase.java:526)
	at org.apache.catalina.core.StandardHostValve.invoke(StandardHostValve.java:139)
	at org.apache.catalina.valves.ErrorReportValve.invoke(ErrorReportValve.java:92)
	at org.apache.catalina.core.StandardEngineValve.invoke(StandardEngineValve.java:74)
	at org.apache.catalina.connector.CoyoteAdapter.service(CoyoteAdapter.java:343)
	at org.apache.coyote.http11.Http11Processor.service(Http11Processor.java:408)
	at org.apache.coyote.AbstractProcessorLight.process(AbstractProcessorLight.java:66)
	at org.apache.coyote.AbstractProtocol$ConnectionHandler.process(AbstractProtocol.java:860)
	at org.apache.tomcat.util.net.NioEndpoint$SocketProcessor.doRun(NioEndpoint.java:1587)
	at org.apache.tomcat.util.net.SocketProcessorBase.run(SocketProcessorBase.java:49)
	at java.util.concurrent.ThreadPoolExecutor.runWorker(ThreadPoolExecutor.java:1149)
	at java.util.concurrent.ThreadPoolExecutor$Worker.run(ThreadPoolExecutor.java:624)
	at org.apache.tomcat.util.threads.TaskThread$WrappingRunnable.run(TaskThread.java:61)
	at java.lang.Thread.run(Thread.java:748)
2019-12-22 19:00:53.451  INFO  com.dd.util.SortUtil 签名字符串 :cerFile=null&cerVer=01&encryptData=+HCLfH/cREmBnWtjJWLAkFXzWhfptDovgSjGLXFHd/i+tF5Bco5SN2mjk+hX0aTvy9sbwf2W84b2Y5YyqLfIzoKFFwlbFOQf+Ck5s085xeE/kfvsMtOTwJSKZD+9mOkB3jVBpQKHt0iuypsy2MzVg6SdA7dntpLi+HzVsa4WjHMQ7MjVJS49ALyHXa0+GjfEFM5P4cnDDSc=&idCardPicN=null&idCardPicP=null&queryId=0001120020191222190053364663&riskInfo=null&secInsCode=null&sendInsCode=00011200&txnType=SA002&version=2.0&
2019-12-22 19:00:53.452  INFO  com.dd.controller.UnionPayController 9595E58417B8D530865853E9E2474DC0444D81EAADCE797D6A27D58C19BA21A8
2019-12-22 19:00:53.559  ERROR com.dd.util.HttpUtil 调用接口[https://sass.test.95516.com:443/sass/trade]失败！请求URL：https://sass.test.95516.com:443/sass/trade，参数：{sendInsCode=00011200, signature=R1l0MWxhN21wUWt4RmZ6eGZvZVdmOWVwV25PUDBCeEd4NXBEc21FS1pBaEtQeW1Ia09LQmdGQmVudGFKS2xtTVBqSGRyek1jZDZvaE5Vak9HZmVIU2I4YXhXNE4xOUtHaEVENGZ0TUpmeGFwNFoxaExldkxmbkJVN2ZucUFTZm91TXVwazk5QXhtQ3VVUXlVd1hjU0NvR1BBR1Y5ZmhVSUhUeFFqR04xMWJnPQ==, encryptData=9595E58417B8D530865853E9E2474DC0444D81EAADCE797D6A27D58C19BA21A8, cerVer=01, txnType=SA002, version=2.0, queryId=0001120020191222190053364663}
java.io.IOException: Server returned HTTP response code: 415 for URL: https://sass.test.95516.com:443/sass/trade
	at sun.net.www.protocol.http.HttpURLConnection.getInputStream0(HttpURLConnection.java:1894)
	at sun.net.www.protocol.http.HttpURLConnection.getInputStream(HttpURLConnection.java:1492)
	at sun.net.www.protocol.https.HttpsURLConnectionImpl.getInputStream(HttpsURLConnectionImpl.java:263)
	at com.dd.util.HttpUtil.invokeUrl(HttpUtil.java:88)
	at com.dd.util.HttpUtil.post(HttpUtil.java:143)
	at com.dd.controller.UnionPayController.bindCard(UnionPayController.java:113)
	at sun.reflect.NativeMethodAccessorImpl.invoke0(Native Method)
	at sun.reflect.NativeMethodAccessorImpl.invoke(NativeMethodAccessorImpl.java:62)
	at sun.reflect.DelegatingMethodAccessorImpl.invoke(DelegatingMethodAccessorImpl.java:43)
	at java.lang.reflect.Method.invoke(Method.java:498)
	at org.springframework.web.method.support.InvocableHandlerMethod.doInvoke(InvocableHandlerMethod.java:190)
	at org.springframework.web.method.support.InvocableHandlerMethod.invokeForRequest(InvocableHandlerMethod.java:138)
	at org.springframework.web.servlet.mvc.method.annotation.ServletInvocableHandlerMethod.invokeAndHandle(ServletInvocableHandlerMethod.java:104)
	at org.springframework.web.servlet.mvc.method.annotation.RequestMappingHandlerAdapter.invokeHandlerMethod(RequestMappingHandlerAdapter.java:892)
	at org.springframework.web.servlet.mvc.method.annotation.RequestMappingHandlerAdapter.handleInternal(RequestMappingHandlerAdapter.java:797)
	at org.springframework.web.servlet.mvc.method.AbstractHandlerMethodAdapter.handle(AbstractHandlerMethodAdapter.java:87)
	at org.springframework.web.servlet.DispatcherServlet.doDispatch(DispatcherServlet.java:1039)
	at org.springframework.web.servlet.DispatcherServlet.doService(DispatcherServlet.java:942)
	at org.springframework.web.servlet.FrameworkServlet.processRequest(FrameworkServlet.java:1005)
	at org.springframework.web.servlet.FrameworkServlet.doPost(FrameworkServlet.java:908)
	at javax.servlet.http.HttpServlet.service(HttpServlet.java:660)
	at org.springframework.web.servlet.FrameworkServlet.service(FrameworkServlet.java:882)
	at javax.servlet.http.HttpServlet.service(HttpServlet.java:741)
	at org.apache.catalina.core.ApplicationFilterChain.internalDoFilter(ApplicationFilterChain.java:231)
	at org.apache.catalina.core.ApplicationFilterChain.doFilter(ApplicationFilterChain.java:166)
	at org.apache.tomcat.websocket.server.WsFilter.doFilter(WsFilter.java:53)
	at org.apache.catalina.core.ApplicationFilterChain.internalDoFilter(ApplicationFilterChain.java:193)
	at org.apache.catalina.core.ApplicationFilterChain.doFilter(ApplicationFilterChain.java:166)
	at org.springframework.web.filter.RequestContextFilter.doFilterInternal(RequestContextFilter.java:99)
	at org.springframework.web.filter.OncePerRequestFilter.doFilter(OncePerRequestFilter.java:118)
	at org.apache.catalina.core.ApplicationFilterChain.internalDoFilter(ApplicationFilterChain.java:193)
	at org.apache.catalina.core.ApplicationFilterChain.doFilter(ApplicationFilterChain.java:166)
	at org.springframework.web.filter.FormContentFilter.doFilterInternal(FormContentFilter.java:92)
	at org.springframework.web.filter.OncePerRequestFilter.doFilter(OncePerRequestFilter.java:118)
	at org.apache.catalina.core.ApplicationFilterChain.internalDoFilter(ApplicationFilterChain.java:193)
	at org.apache.catalina.core.ApplicationFilterChain.doFilter(ApplicationFilterChain.java:166)
	at org.springframework.web.filter.HiddenHttpMethodFilter.doFilterInternal(HiddenHttpMethodFilter.java:93)
	at org.springframework.web.filter.OncePerRequestFilter.doFilter(OncePerRequestFilter.java:118)
	at org.apache.catalina.core.ApplicationFilterChain.internalDoFilter(ApplicationFilterChain.java:193)
	at org.apache.catalina.core.ApplicationFilterChain.doFilter(ApplicationFilterChain.java:166)
	at org.springframework.web.filter.CharacterEncodingFilter.doFilterInternal(CharacterEncodingFilter.java:200)
	at org.springframework.web.filter.OncePerRequestFilter.doFilter(OncePerRequestFilter.java:118)
	at org.apache.catalina.core.ApplicationFilterChain.internalDoFilter(ApplicationFilterChain.java:193)
	at org.apache.catalina.core.ApplicationFilterChain.doFilter(ApplicationFilterChain.java:166)
	at org.apache.catalina.core.StandardWrapperValve.invoke(StandardWrapperValve.java:202)
	at org.apache.catalina.core.StandardContextValve.invoke(StandardContextValve.java:96)
	at org.apache.catalina.authenticator.AuthenticatorBase.invoke(AuthenticatorBase.java:526)
	at org.apache.catalina.core.StandardHostValve.invoke(StandardHostValve.java:139)
	at org.apache.catalina.valves.ErrorReportValve.invoke(ErrorReportValve.java:92)
	at org.apache.catalina.core.StandardEngineValve.invoke(StandardEngineValve.java:74)
	at org.apache.catalina.connector.CoyoteAdapter.service(CoyoteAdapter.java:343)
	at org.apache.coyote.http11.Http11Processor.service(Http11Processor.java:408)
	at org.apache.coyote.AbstractProcessorLight.process(AbstractProcessorLight.java:66)
	at org.apache.coyote.AbstractProtocol$ConnectionHandler.process(AbstractProtocol.java:860)
	at org.apache.tomcat.util.net.NioEndpoint$SocketProcessor.doRun(NioEndpoint.java:1587)
	at org.apache.tomcat.util.net.SocketProcessorBase.run(SocketProcessorBase.java:49)
	at java.util.concurrent.ThreadPoolExecutor.runWorker(ThreadPoolExecutor.java:1149)
	at java.util.concurrent.ThreadPoolExecutor$Worker.run(ThreadPoolExecutor.java:624)
	at org.apache.tomcat.util.threads.TaskThread$WrappingRunnable.run(TaskThread.java:61)
	at java.lang.Thread.run(Thread.java:748)
2019-12-22 19:01:33.956  INFO  org.springframework.scheduling.concurrent.ThreadPoolTaskExecutor Shutting down ExecutorService 'applicationTaskExecutor'
2019-12-22 19:01:38.297  INFO  com.dd.DdApplication Starting DdApplication on LDJS-20191231SQ with PID 50568 (C:\Users\Administrator\Desktop\show\Caterpillar\tetris\tetris-spring-cloud\tetris-show\target\classes started by Administrator in C:\Users\Administrator\Desktop\show\Caterpillar\tetris\tetris-spring-cloud\tetris-spring-zuul)
2019-12-22 19:01:38.300  INFO  com.dd.DdApplication No active profile set, falling back to default profiles: default
2019-12-22 19:01:39.237  INFO  org.springframework.boot.web.embedded.tomcat.TomcatWebServer Tomcat initialized with port(s): 8080 (http)
2019-12-22 19:01:39.254  INFO  org.apache.coyote.http11.Http11NioProtocol Initializing ProtocolHandler ["http-nio-8080"]
2019-12-22 19:01:39.267  INFO  org.apache.catalina.core.StandardService Starting service [Tomcat]
2019-12-22 19:01:39.267  INFO  org.apache.catalina.core.StandardEngine Starting Servlet engine: [Apache Tomcat/9.0.24]
2019-12-22 19:01:39.419  INFO  org.apache.catalina.core.ContainerBase.[Tomcat].[localhost].[/] Initializing Spring embedded WebApplicationContext
2019-12-22 19:01:39.419  INFO  org.springframework.web.context.ContextLoader Root WebApplicationContext: initialization completed in 1075 ms
2019-12-22 19:01:39.600  INFO  org.springframework.scheduling.concurrent.ThreadPoolTaskExecutor Initializing ExecutorService 'applicationTaskExecutor'
2019-12-22 19:01:39.732  INFO  org.apache.coyote.http11.Http11NioProtocol Starting ProtocolHandler ["http-nio-8080"]
2019-12-22 19:01:39.785  INFO  org.springframework.boot.web.embedded.tomcat.TomcatWebServer Tomcat started on port(s): 8080 (http) with context path ''
2019-12-22 19:01:39.788  INFO  com.dd.DdApplication Started DdApplication in 1.833 seconds (JVM running for 3.117)
2019-12-22 19:01:39.789  INFO  com.dd.DdApplication 启动成功......
2019-12-22 19:05:57.462  INFO  org.springframework.scheduling.concurrent.ThreadPoolTaskExecutor Shutting down ExecutorService 'applicationTaskExecutor'
