[ERROR] 2017-08-04 14:38:10 847 method: pub.caterpillar.shell.jcef.App.main(App.java:47)
测试一个异常！
 [ERROR] 2017-08-04 14:39:25 316 method: pub.caterpillar.shell.jcef.App.main(App.java:47)
测试一个异常！
 [ERROR] 2017-08-04 14:40:44 539 method: pub.caterpillar.shell.jcef.App.main(App.java:47)
测试一个异常！
 [ERROR] 2017-08-04 14:41:06 479 method: pub.caterpillar.shell.jcef.App.main(App.java:47)
测试一个异常！
 [ERROR] 2017-08-04 14:41:13 718 method: pub.caterpillar.shell.jcef.App.main(App.java:47)
测试一个异常！
 [ERROR] 2017-08-04 15:17:59 812 method: pub.caterpillar.shell.jcef.App.main(App.java:47)
测试一个异常！
 [ERROR] 2017-08-04 15:43:15 408 method: pub.caterpillar.shell.jcef.App.main(App.java:45)
测试一个异常！
 [ERROR] 2017-08-04 16:51:18 605 method: pub.caterpillar.shell.jcef.handler.ClientSchemeHandler.loadContent(ClientSchemeHandler.java:143)
资源加载失败！
 java.io.FileNotFoundException: G:\java\myEclipse\workspaces\work_caterpillar\Caterpillar\fragment-java\caterpillar-base\caterpillar.shell\webroot\verify\code\get\150\38?1501836678594 (系统找不到指定的路径。)
	at java.io.FileInputStream.open0(Native Method)
	at java.io.FileInputStream.open(FileInputStream.java:195)
	at java.io.FileInputStream.<init>(FileInputStream.java:138)
	at pub.caterpillar.shell.jcef.handler.ClientSchemeHandler.loadContent(ClientSchemeHandler.java:132)
	at pub.caterpillar.shell.jcef.handler.ClientSchemeHandler.processRequest(ClientSchemeHandler.java:80)
[ERROR] 2017-08-04 16:51:24 424 method: pub.caterpillar.shell.jcef.handler.ClientSchemeHandler.loadContent(ClientSchemeHandler.java:143)
资源加载失败！
 java.io.FileNotFoundException: G:\java\myEclipse\workspaces\work_caterpillar\Caterpillar\fragment-java\caterpillar-base\caterpillar.shell\webroot\verify\code\get\150\38?1501836684412 (系统找不到指定的路径。)
	at java.io.FileInputStream.open0(Native Method)
	at java.io.FileInputStream.open(FileInputStream.java:195)
	at java.io.FileInputStream.<init>(FileInputStream.java:138)
	at pub.caterpillar.shell.jcef.handler.ClientSchemeHandler.loadContent(ClientSchemeHandler.java:132)
	at pub.caterpillar.shell.jcef.handler.ClientSchemeHandler.processRequest(ClientSchemeHandler.java:80)
[ERROR] 2017-08-04 16:51:48 557 method: pub.caterpillar.shell.jcef.handler.ClientSchemeHandler.loadContent(ClientSchemeHandler.java:143)
资源加载失败！
 java.io.FileNotFoundException: G:\java\myEclipse\workspaces\work_caterpillar\Caterpillar\fragment-java\caterpillar-base\caterpillar.shell\webroot\verify\code\get\150\38?1501836708554 (系统找不到指定的路径。)
	at java.io.FileInputStream.open0(Native Method)
	at java.io.FileInputStream.open(FileInputStream.java:195)
	at java.io.FileInputStream.<init>(FileInputStream.java:138)
	at pub.caterpillar.shell.jcef.handler.ClientSchemeHandler.loadContent(ClientSchemeHandler.java:132)
	at pub.caterpillar.shell.jcef.handler.ClientSchemeHandler.processRequest(ClientSchemeHandler.java:80)
[ERROR] 2017-08-04 16:51:50 429 method: pub.caterpillar.shell.jcef.handler.ClientSchemeHandler.loadContent(ClientSchemeHandler.java:143)
资源加载失败！
 java.io.FileNotFoundException: G:\java\myEclipse\workspaces\work_caterpillar\Caterpillar\fragment-java\caterpillar-base\caterpillar.shell\webroot\verify\code\get\150\38?1501836710427 (系统找不到指定的路径。)
	at java.io.FileInputStream.open0(Native Method)
	at java.io.FileInputStream.open(FileInputStream.java:195)
	at java.io.FileInputStream.<init>(FileInputStream.java:138)
	at pub.caterpillar.shell.jcef.handler.ClientSchemeHandler.loadContent(ClientSchemeHandler.java:132)
	at pub.caterpillar.shell.jcef.handler.ClientSchemeHandler.processRequest(ClientSchemeHandler.java:80)
[ERROR] 2017-08-04 16:53:21 967 method: pub.caterpillar.shell.jcef.handler.ClientSchemeHandler.loadContent(ClientSchemeHandler.java:143)
资源加载失败！
 java.io.FileNotFoundException: G:\java\myEclipse\workspaces\work_caterpillar\Caterpillar\fragment-java\caterpillar-base\caterpillar.shell\webroot\verify\code\get\150\38?1501836801966 (系统找不到指定的路径。)
	at java.io.FileInputStream.open0(Native Method)
	at java.io.FileInputStream.open(FileInputStream.java:195)
	at java.io.FileInputStream.<init>(FileInputStream.java:138)
	at pub.caterpillar.shell.jcef.handler.ClientSchemeHandler.loadContent(ClientSchemeHandler.java:132)
	at pub.caterpillar.shell.jcef.handler.ClientSchemeHandler.processRequest(ClientSchemeHandler.java:80)
[ERROR] 2017-08-04 16:53:26 330 method: pub.caterpillar.shell.jcef.handler.ClientSchemeHandler.loadContent(ClientSchemeHandler.java:143)
资源加载失败！
 java.io.FileNotFoundException: G:\java\myEclipse\workspaces\work_caterpillar\Caterpillar\fragment-java\caterpillar-base\caterpillar.shell\webroot\verify\code\get\150\38?1501836806329 (系统找不到指定的路径。)
	at java.io.FileInputStream.open0(Native Method)
	at java.io.FileInputStream.open(FileInputStream.java:195)
	at java.io.FileInputStream.<init>(FileInputStream.java:138)
	at pub.caterpillar.shell.jcef.handler.ClientSchemeHandler.loadContent(ClientSchemeHandler.java:132)
	at pub.caterpillar.shell.jcef.handler.ClientSchemeHandler.processRequest(ClientSchemeHandler.java:80)
[ERROR] 2017-08-04 16:57:57 202 method: pub.caterpillar.shell.jcef.handler.ClientSchemeHandler.loadContent(ClientSchemeHandler.java:143)
资源加载失败！
 java.io.FileNotFoundException: G:\java\myEclipse\workspaces\work_caterpillar\Caterpillar\fragment-java\caterpillar-base\caterpillar.shell\webroot\verify\code\get\150\38?1501837077201 (系统找不到指定的路径。)
	at java.io.FileInputStream.open0(Native Method)
	at java.io.FileInputStream.open(FileInputStream.java:195)
	at java.io.FileInputStream.<init>(FileInputStream.java:138)
	at pub.caterpillar.shell.jcef.handler.ClientSchemeHandler.loadContent(ClientSchemeHandler.java:132)
	at pub.caterpillar.shell.jcef.handler.ClientSchemeHandler.processRequest(ClientSchemeHandler.java:80)
[ERROR] 2017-08-04 17:31:53 906 method: pub.caterpillar.shell.jcef.handler.ClientSchemeHandler.loadContent(ClientSchemeHandler.java:143)
资源加载失败！
 java.io.FileNotFoundException: G:\java\myEclipse\workspaces\work_caterpillar\Caterpillar\fragment-java\caterpillar-base\caterpillar.shell\webroot\verify\code\get\150\38?1501839113900 (系统找不到指定的路径。)
	at java.io.FileInputStream.open0(Native Method)
	at java.io.FileInputStream.open(FileInputStream.java:195)
	at java.io.FileInputStream.<init>(FileInputStream.java:138)
	at pub.caterpillar.shell.jcef.handler.ClientSchemeHandler.loadContent(ClientSchemeHandler.java:132)
	at pub.caterpillar.shell.jcef.handler.ClientSchemeHandler.processRequest(ClientSchemeHandler.java:80)
[ERROR] 2017-08-04 17:31:59 937 method: pub.caterpillar.shell.jcef.handler.ClientSchemeHandler.loadContent(ClientSchemeHandler.java:143)
资源加载失败！
 java.io.FileNotFoundException: G:\java\myEclipse\workspaces\work_caterpillar\Caterpillar\fragment-java\caterpillar-base\caterpillar.shell\webroot\verify\code\get\150\38?1501839119936 (系统找不到指定的路径。)
	at java.io.FileInputStream.open0(Native Method)
	at java.io.FileInputStream.open(FileInputStream.java:195)
	at java.io.FileInputStream.<init>(FileInputStream.java:138)
	at pub.caterpillar.shell.jcef.handler.ClientSchemeHandler.loadContent(ClientSchemeHandler.java:132)
	at pub.caterpillar.shell.jcef.handler.ClientSchemeHandler.processRequest(ClientSchemeHandler.java:80)
[ERROR] 2017-08-04 17:32:08 967 method: pub.caterpillar.shell.jcef.handler.ClientSchemeHandler.loadContent(ClientSchemeHandler.java:143)
资源加载失败！
 java.io.FileNotFoundException: G:\java\myEclipse\workspaces\work_caterpillar\Caterpillar\fragment-java\caterpillar-base\caterpillar.shell\webroot\verify\code\get\150\38?1501839128955 (系统找不到指定的路径。)
	at java.io.FileInputStream.open0(Native Method)
	at java.io.FileInputStream.open(FileInputStream.java:195)
	at java.io.FileInputStream.<init>(FileInputStream.java:138)
	at pub.caterpillar.shell.jcef.handler.ClientSchemeHandler.loadContent(ClientSchemeHandler.java:132)
	at pub.caterpillar.shell.jcef.handler.ClientSchemeHandler.processRequest(ClientSchemeHandler.java:80)
[ERROR] 2017-08-04 17:32:46 566 method: pub.caterpillar.shell.jcef.handler.ClientSchemeHandler.loadContent(ClientSchemeHandler.java:143)
资源加载失败！
 java.io.FileNotFoundException: G:\java\myEclipse\workspaces\work_caterpillar\Caterpillar\fragment-java\caterpillar-base\caterpillar.shell\webroot\verify\code\get\150\38?1501839166564 (系统找不到指定的路径。)
	at java.io.FileInputStream.open0(Native Method)
	at java.io.FileInputStream.open(FileInputStream.java:195)
	at java.io.FileInputStream.<init>(FileInputStream.java:138)
	at pub.caterpillar.shell.jcef.handler.ClientSchemeHandler.loadContent(ClientSchemeHandler.java:132)
	at pub.caterpillar.shell.jcef.handler.ClientSchemeHandler.processRequest(ClientSchemeHandler.java:80)
[ERROR] 2017-08-04 17:36:14 129 method: pub.caterpillar.shell.jcef.handler.ClientSchemeHandler.loadContent(ClientSchemeHandler.java:143)
资源加载失败！
 java.io.FileNotFoundException: G:\java\myEclipse\workspaces\work_caterpillar\Caterpillar\fragment-java\caterpillar-base\caterpillar.shell\webroot\tests.html (系统找不到指定的文件。)
	at java.io.FileInputStream.open0(Native Method)
	at java.io.FileInputStream.open(FileInputStream.java:195)
	at java.io.FileInputStream.<init>(FileInputStream.java:138)
	at pub.caterpillar.shell.jcef.handler.ClientSchemeHandler.loadContent(ClientSchemeHandler.java:132)
	at pub.caterpillar.shell.jcef.handler.ClientSchemeHandler.processRequest(ClientSchemeHandler.java:80)
[ERROR] 2017-08-04 17:40:19 748 method: pub.caterpillar.shell.jcef.handler.ClientSchemeHandler.loadContent(ClientSchemeHandler.java:143)
资源加载失败！
 java.io.FileNotFoundException: G:\java\myEclipse\workspaces\work_caterpillar\Caterpillar\fragment-java\caterpillar-base\caterpillar.shell\webroot\verify\code\get\150\38?1501839619742 (系统找不到指定的路径。)
	at java.io.FileInputStream.open0(Native Method)
	at java.io.FileInputStream.open(FileInputStream.java:195)
	at java.io.FileInputStream.<init>(FileInputStream.java:138)
	at pub.caterpillar.shell.jcef.handler.ClientSchemeHandler.loadContent(ClientSchemeHandler.java:132)
	at pub.caterpillar.shell.jcef.handler.ClientSchemeHandler.processRequest(ClientSchemeHandler.java:80)
[ERROR] 2017-08-04 17:40:23 749 method: pub.caterpillar.shell.jcef.handler.ClientSchemeHandler.loadContent(ClientSchemeHandler.java:143)
资源加载失败！
 java.io.FileNotFoundException: G:\java\myEclipse\workspaces\work_caterpillar\Caterpillar\fragment-java\caterpillar-base\caterpillar.shell\webroot\verify\code\get\150\38?1501839623747 (系统找不到指定的路径。)
	at java.io.FileInputStream.open0(Native Method)
	at java.io.FileInputStream.open(FileInputStream.java:195)
	at java.io.FileInputStream.<init>(FileInputStream.java:138)
	at pub.caterpillar.shell.jcef.handler.ClientSchemeHandler.loadContent(ClientSchemeHandler.java:132)
	at pub.caterpillar.shell.jcef.handler.ClientSchemeHandler.processRequest(ClientSchemeHandler.java:80)
[ERROR] 2017-08-04 17:40:26 992 method: pub.caterpillar.shell.jcef.handler.ClientSchemeHandler.loadContent(ClientSchemeHandler.java:143)
资源加载失败！
 java.io.FileNotFoundException: G:\java\myEclipse\workspaces\work_caterpillar\Caterpillar\fragment-java\caterpillar-base\caterpillar.shell\webroot\verify\code\get\150\38?1501839626990 (系统找不到指定的路径。)
	at java.io.FileInputStream.open0(Native Method)
	at java.io.FileInputStream.open(FileInputStream.java:195)
	at java.io.FileInputStream.<init>(FileInputStream.java:138)
	at pub.caterpillar.shell.jcef.handler.ClientSchemeHandler.loadContent(ClientSchemeHandler.java:132)
	at pub.caterpillar.shell.jcef.handler.ClientSchemeHandler.processRequest(ClientSchemeHandler.java:80)
[ERROR] 2017-08-04 17:47:24 409 method: pub.caterpillar.shell.jcef.handler.ClientSchemeHandler.loadContent(ClientSchemeHandler.java:143)
资源加载失败！
 java.io.FileNotFoundException: G:\java\myEclipse\workspaces\work_caterpillar\Caterpillar\fragment-java\caterpillar-base\caterpillar.shell\webroot\verify\code\get\150\38?1501840044404 (系统找不到指定的路径。)
	at java.io.FileInputStream.open0(Native Method)
	at java.io.FileInputStream.open(FileInputStream.java:195)
	at java.io.FileInputStream.<init>(FileInputStream.java:138)
	at pub.caterpillar.shell.jcef.handler.ClientSchemeHandler.loadContent(ClientSchemeHandler.java:132)
	at pub.caterpillar.shell.jcef.handler.ClientSchemeHandler.processRequest(ClientSchemeHandler.java:80)
